<?xml version="1.0" encoding="UTF-8"?>
<!-- Generated by org.testng.reporters.JUnitXMLReporter -->
<testsuite ignored="14" hostname="NeveenDevice" failures="0" tests="1" name="Default test" time="17.34" errors="0" timestamp="2025-01-12T10:28:30 GMT+03:00">
  <testcase classname="MyTests.MyTestCasesForCom" name="TestAccept" time="5.014"/>
  <testcase classname="MyTests.MyTestCasesForCom" name="ComRegister" time="0.0">
    <ignored/>
  </testcase> <!-- ComRegister -->
  <testcase classname="MyTests.MyTestCasesForCom" name="RandComLogin" time="0.0">
    <ignored/>
  </testcase> <!-- RandComLogin -->
  <testcase classname="MyTests.MyTestCasesForCom" name="TestAddJob2" time="0.0">
    <ignored/>
  </testcase> <!-- TestAddJob2 -->
  <testcase classname="MyTests.MyTestCasesForCom" name="TestComLogin" time="0.0">
    <ignored/>
  </testcase> <!-- TestComLogin -->
  <testcase classname="MyTests.MyTestCasesForCom" name="TestMultipleUnis" time="0.0">
    <ignored/>
  </testcase> <!-- TestMultipleUnis -->
  <testcase classname="MyTests.MyTestCasesForCom" name="TestDraftBtn4" time="0.0">
    <ignored/>
  </testcase> <!-- TestDraftBtn4 -->
  <testcase classname="MyTests.MyTestCasesForCom" name="TestJobDetails" time="0.0">
    <ignored/>
  </testcase> <!-- TestJobDetails -->
  <testcase classname="MyTests.MyTestCasesForCom" name="TestGenderTotal" time="0.0">
    <ignored/>
  </testcase> <!-- TestGenderTotal -->
  <testcase classname="MyTests.MyTestCasesForCom" name="TestCancelJob" time="0.0">
    <ignored/>
  </testcase> <!-- TestCancelJob -->
  <testcase classname="MyTests.MyTestCasesForCom" name="TestAddJob3" time="0.0">
    <ignored/>
  </testcase> <!-- TestAddJob3 -->
  <testcase classname="MyTests.MyTestCasesForCom" name="TestAddInterview" time="0.0">
    <ignored/>
  </testcase> <!-- TestAddInterview -->
  <testcase classname="MyTests.MyTestCasesForCom" name="TestStartInterview" time="0.0">
    <ignored/>
  </testcase> <!-- TestStartInterview -->
  <testcase classname="MyTests.MyTestCasesForCom" name="TestAddJob1" time="0.0">
    <ignored/>
  </testcase> <!-- TestAddJob1 -->
  <testcase classname="MyTests.MyTestCasesForCom" name="TestSendFor" time="0.0">
    <ignored/>
  </testcase> <!-- TestSendFor -->
</testsuite> <!-- Default test -->
