<?xml version="1.0" encoding="UTF-8"?>
<!-- Generated by org.testng.reporters.JUnitXMLReporter -->
<testsuite ignored="2" hostname="NeveenDevice" failures="0" tests="1" name="Test" time="12.08" errors="0" timestamp="2024-11-27T17:08:25 GMT+03:00">
  <testcase classname="MyTests.MyTestCases" name="LogIn" time="5.048"/>
  <testcase classname="MyTests.MyTestCases" name="UniRegister" time="0.0">
    <ignored/>
  </testcase> <!-- UniRegister -->
  <testcase classname="MyTests.MyTestCases" name="ComRegister" time="0.0">
    <ignored/>
  </testcase> <!-- ComRegister -->
</testsuite> <!-- Test -->
