<?xml version="1.0" encoding="UTF-8"?>
<!-- Generated by org.testng.reporters.JUnitReportReporter -->
<testsuite hostname="NeveenDevice" failures="0" tests="15" name="MyTests.MyTestCasesForCom" time="5.014" errors="0" timestamp="2025-01-12T10:28:30 GMT+03:00" skipped="14">
  <testcase classname="MyTests.MyTestCasesForCom" name="TestAccept" time="5.014"/>
  <system-out/>
  <testcase classname="MyTests.MyTestCasesForCom" name="ComRegister">
    <skipped/>
  </testcase> <!-- ComRegister -->
  <system-out/>
  <testcase classname="MyTests.MyTestCasesForCom" name="RandComLogin">
    <skipped/>
  </testcase> <!-- RandComLogin -->
  <system-out/>
  <testcase classname="MyTests.MyTestCasesForCom" name="TestAddJob2">
    <skipped/>
  </testcase> <!-- TestAddJob2 -->
  <system-out/>
  <testcase classname="MyTests.MyTestCasesForCom" name="TestComLogin">
    <skipped/>
  </testcase> <!-- TestComLogin -->
  <system-out/>
  <testcase classname="MyTests.MyTestCasesForCom" name="TestMultipleUnis">
    <skipped/>
  </testcase> <!-- TestMultipleUnis -->
  <system-out/>
  <testcase classname="MyTests.MyTestCasesForCom" name="TestDraftBtn4">
    <skipped/>
  </testcase> <!-- TestDraftBtn4 -->
  <system-out/>
  <testcase classname="MyTests.MyTestCasesForCom" name="TestJobDetails">
    <skipped/>
  </testcase> <!-- TestJobDetails -->
  <system-out/>
  <testcase classname="MyTests.MyTestCasesForCom" name="TestGenderTotal">
    <skipped/>
  </testcase> <!-- TestGenderTotal -->
  <system-out/>
  <testcase classname="MyTests.MyTestCasesForCom" name="TestCancelJob">
    <skipped/>
  </testcase> <!-- TestCancelJob -->
  <system-out/>
  <testcase classname="MyTests.MyTestCasesForCom" name="TestAddJob3">
    <skipped/>
  </testcase> <!-- TestAddJob3 -->
  <system-out/>
  <testcase classname="MyTests.MyTestCasesForCom" name="TestAddInterview">
    <skipped/>
  </testcase> <!-- TestAddInterview -->
  <system-out/>
  <testcase classname="MyTests.MyTestCasesForCom" name="TestStartInterview">
    <skipped/>
  </testcase> <!-- TestStartInterview -->
  <system-out/>
  <testcase classname="MyTests.MyTestCasesForCom" name="TestAddJob1">
    <skipped/>
  </testcase> <!-- TestAddJob1 -->
  <system-out/>
  <testcase classname="MyTests.MyTestCasesForCom" name="TestSendFor">
    <skipped/>
  </testcase> <!-- TestSendFor -->
  <system-out/>
</testsuite> <!-- MyTests.MyTestCasesForCom -->
