<?xml version="1.0" encoding="UTF-8"?>
<!-- Generated by org.testng.reporters.JUnitReportReporter -->
<testsuite hostname="NeveenDevice" failures="0" tests="25" name="MyTests.MyTestCasesForUni" time="3.488" errors="0" timestamp="2024-12-11T15:48:13 GMT+03:00" skipped="24">
  <testcase classname="MyTests.MyTestCasesForUni" name="TestLogout" time="3.488"/>
  <system-out/>
  <testcase classname="MyTests.MyTestCasesForUni" name="AddClassifications">
    <skipped/>
  </testcase> <!-- AddClassifications -->
  <system-out/>
  <testcase classname="MyTests.MyTestCasesForUni" name="TestDeleteMaterials">
    <skipped/>
  </testcase> <!-- TestDeleteMaterials -->
  <system-out/>
  <testcase classname="MyTests.MyTestCasesForUni" name="TestEditStudent">
    <skipped/>
  </testcase> <!-- TestEditStudent -->
  <system-out/>
  <testcase classname="MyTests.MyTestCasesForUni" name="TestDownloadStusents">
    <skipped/>
  </testcase> <!-- TestDownloadStusents -->
  <system-out/>
  <testcase classname="MyTests.MyTestCasesForUni" name="TestStudentFilters">
    <skipped/>
  </testcase> <!-- TestStudentFilters -->
  <system-out/>
  <testcase classname="MyTests.MyTestCasesForUni" name="TestAddStudentWithoutMarks">
    <skipped/>
  </testcase> <!-- TestAddStudentWithoutMarks -->
  <system-out/>
  <testcase classname="MyTests.MyTestCasesForUni" name="UniRegister">
    <skipped/>
  </testcase> <!-- UniRegister -->
  <system-out/>
  <testcase classname="MyTests.MyTestCasesForUni" name="ComRegister">
    <skipped/>
  </testcase> <!-- ComRegister -->
  <system-out/>
  <testcase classname="MyTests.MyTestCasesForUni" name="TestEditCollage">
    <skipped/>
  </testcase> <!-- TestEditCollage -->
  <system-out/>
  <testcase classname="MyTests.MyTestCasesForUni" name="TestInValedddMaterials">
    <skipped/>
  </testcase> <!-- TestInValedddMaterials -->
  <system-out/>
  <testcase classname="MyTests.MyTestCasesForUni" name="TestAddCV">
    <skipped/>
  </testcase> <!-- TestAddCV -->
  <system-out/>
  <testcase classname="MyTests.MyTestCasesForUni" name="LogInAsUni">
    <skipped/>
  </testcase> <!-- LogInAsUni -->
  <system-out/>
  <testcase classname="MyTests.MyTestCasesForUni" name="TestDelclassification">
    <skipped/>
  </testcase> <!-- TestDelclassification -->
  <system-out/>
  <testcase classname="MyTests.MyTestCasesForUni" name="TestDelCollage">
    <skipped/>
  </testcase> <!-- TestDelCollage -->
  <system-out/>
  <testcase classname="MyTests.MyTestCasesForUni" name="TestAddStudentWithMarks">
    <skipped/>
  </testcase> <!-- TestAddStudentWithMarks -->
  <system-out/>
  <testcase classname="MyTests.MyTestCasesForUni" name="InstitutesReg2">
    <skipped/>
  </testcase> <!-- InstitutesReg2 -->
  <system-out/>
  <testcase classname="MyTests.MyTestCasesForUni" name="TestValidAddMaterials">
    <skipped/>
  </testcase> <!-- TestValidAddMaterials -->
  <system-out/>
  <testcase classname="MyTests.MyTestCasesForUni" name="TestAddLevel">
    <skipped/>
  </testcase> <!-- TestAddLevel -->
  <system-out/>
  <testcase classname="MyTests.MyTestCasesForUni" name="AddCollage">
    <skipped/>
  </testcase> <!-- AddCollage -->
  <system-out/>
  <testcase classname="MyTests.MyTestCasesForUni" name="TestCancellationDeleteClassification">
    <skipped/>
  </testcase> <!-- TestCancellationDeleteClassification -->
  <system-out/>
  <testcase classname="MyTests.MyTestCasesForUni" name="TestDelCV">
    <skipped/>
  </testcase> <!-- TestDelCV -->
  <system-out/>
  <testcase classname="MyTests.MyTestCasesForUni" name="LogInAsSuperAdmin">
    <skipped/>
  </testcase> <!-- LogInAsSuperAdmin -->
  <system-out/>
  <testcase classname="MyTests.MyTestCasesForUni" name="TestEditMaterials">
    <skipped/>
  </testcase> <!-- TestEditMaterials -->
  <system-out/>
  <testcase classname="MyTests.MyTestCasesForUni" name="TestDeleteStudent">
    <skipped/>
  </testcase> <!-- TestDeleteStudent -->
  <system-out/>
</testsuite> <!-- MyTests.MyTestCasesForUni -->
