<?xml version="1.0" encoding="UTF-8"?>
<!-- Generated by org.testng.reporters.JUnitReportReporter -->
<testsuite hostname="NeveenDevice" failures="0" tests="3" name="MyTestCases" time="7.186" errors="0" timestamp="2024-11-17T16:09:07 GMT+03:00" skipped="2">
  <testcase classname="MyTestCases" name="LogIn" time="7.186"/>
  <system-out/>
  <testcase classname="MyTestCases" name="ComRegister">
    <skipped/>
  </testcase> <!-- ComRegister -->
  <system-out/>
  <testcase classname="MyTestCases" name="UniRegister">
    <skipped/>
  </testcase> <!-- UniRegister -->
  <system-out/>
</testsuite> <!-- MyTestCases -->
