<?xml version="1.0" encoding="UTF-8"?>
<!-- Generated by org.testng.reporters.JUnitReportReporter -->
<testsuite hostname="NeveenDevice" failures="0" tests="15" name="MyTests.MyTestCasesForCom" time="15.087" errors="1" timestamp="2025-01-20T15:55:47 GMT+03:00" skipped="14">
  <testcase classname="MyTests.MyTestCasesForCom" name="TestAddJob3" time="15.087">
    <error message="no such window: target window already closed
from unknown error: web view not found
  (Session info: chrome=132.0.6834.83)
Build info: version: &#039;4.25.0&#039;, revision: &#039;8a8aea2337&#039;
System info: os.name: &#039;Windows 11&#039;, os.arch: &#039;amd64&#039;, os.version: &#039;10.0&#039;, java.version: &#039;23&#039;
Driver info: org.openqa.selenium.chrome.ChromeDriver
Command: [1a17ac4577cbae2a8496ce199cffbd34, screenshot {}]
Capabilities {acceptInsecureCerts: false, browserName: chrome, browserVersion: 132.0.6834.83, chrome: {chromedriverVersion: 132.0.6834.83 (03d59cf5ecf1..., userDataDir: C:\Users\nevee\AppData\Loca...}, fedcm:accounts: true, goog:chromeOptions: {debuggerAddress: localhost:63175}, networkConnectionEnabled: false, pageLoadStrategy: normal, platformName: windows, proxy: Proxy(), se:cdp: ws://localhost:63175/devtoo..., se:cdpVersion: 132.0.6834.83, setWindowRect: true, strictFileInteractability: false, timeouts: {implicit: 0, pageLoad: 300000, script: 30000}, unhandledPromptBehavior: dismiss and notify, webauthn:extension:credBlob: true, webauthn:extension:largeBlob: true, webauthn:extension:minPinLength: true, webauthn:extension:prf: true, webauthn:virtualAuthenticators: true}
Session ID: 1a17ac4577cbae2a8496ce199cffbd34" type="org.openqa.selenium.NoSuchWindowException">
      <![CDATA[org.openqa.selenium.NoSuchWindowException: no such window: target window already closed
from unknown error: web view not found
  (Session info: chrome=132.0.6834.83)
Build info: version: '4.25.0', revision: '8a8aea2337'
System info: os.name: 'Windows 11', os.arch: 'amd64', os.version: '10.0', java.version: '23'
Driver info: org.openqa.selenium.chrome.ChromeDriver
Command: [1a17ac4577cbae2a8496ce199cffbd34, screenshot {}]
Capabilities {acceptInsecureCerts: false, browserName: chrome, browserVersion: 132.0.6834.83, chrome: {chromedriverVersion: 132.0.6834.83 (03d59cf5ecf1..., userDataDir: C:\Users\nevee\AppData\Loca...}, fedcm:accounts: true, goog:chromeOptions: {debuggerAddress: localhost:63175}, networkConnectionEnabled: false, pageLoadStrategy: normal, platformName: windows, proxy: Proxy(), se:cdp: ws://localhost:63175/devtoo..., se:cdpVersion: 132.0.6834.83, setWindowRect: true, strictFileInteractability: false, timeouts: {implicit: 0, pageLoad: 300000, script: 30000}, unhandledPromptBehavior: dismiss and notify, webauthn:extension:credBlob: true, webauthn:extension:largeBlob: true, webauthn:extension:minPinLength: true, webauthn:extension:prf: true, webauthn:virtualAuthenticators: true}
Session ID: 1a17ac4577cbae2a8496ce199cffbd34
at java.base/jdk.internal.reflect.DirectConstructorHandleAccessor.newInstance(DirectConstructorHandleAccessor.java:62)
at java.base/java.lang.reflect.Constructor.newInstanceWithCaller(Constructor.java:501)
at java.base/java.lang.reflect.Constructor.newInstance(Constructor.java:485)
at org.openqa.selenium.remote.ErrorCodec.decode(ErrorCodec.java:167)
at org.openqa.selenium.remote.codec.w3c.W3CHttpResponseCodec.decode(W3CHttpResponseCodec.java:138)
at org.openqa.selenium.remote.codec.w3c.W3CHttpResponseCodec.decode(W3CHttpResponseCodec.java:50)
at org.openqa.selenium.remote.HttpCommandExecutor.execute(HttpCommandExecutor.java:190)
at org.openqa.selenium.remote.service.DriverCommandExecutor.invokeExecute(DriverCommandExecutor.java:216)
at org.openqa.selenium.remote.service.DriverCommandExecutor.execute(DriverCommandExecutor.java:174)
at org.openqa.selenium.remote.RemoteWebDriver.execute(RemoteWebDriver.java:545)
at org.openqa.selenium.remote.RemoteWebDriver.execute(RemoteWebDriver.java:618)
at org.openqa.selenium.remote.RemoteWebDriver.execute(RemoteWebDriver.java:622)
at org.openqa.selenium.remote.RemoteWebDriver.getScreenshotAs(RemoteWebDriver.java:334)
at MyTests.Parameters.ScreenShot(Parameters.java:1879)
at MyTests.Parameters.AddJobWithDelegacy(Parameters.java:1419)
at MyTests.MyTestCasesForCom.TestAddJob3(MyTestCasesForCom.java:74)
at java.base/jdk.internal.reflect.DirectMethodHandleAccessor.invoke(DirectMethodHandleAccessor.java:103)
at java.base/java.lang.reflect.Method.invoke(Method.java:580)
at org.testng.internal.MethodInvocationHelper.invokeMethod(MethodInvocationHelper.java:133)
at org.testng.internal.TestInvoker.invokeMethod(TestInvoker.java:598)
at org.testng.internal.TestInvoker.invokeTestMethod(TestInvoker.java:173)
at org.testng.internal.MethodRunner.runInSequence(MethodRunner.java:46)
at org.testng.internal.TestInvoker$MethodInvocationAgent.invoke(TestInvoker.java:824)
at org.testng.internal.TestInvoker.invokeTestMethods(TestInvoker.java:146)
at org.testng.internal.TestMethodWorker.invokeTestMethods(TestMethodWorker.java:146)
at org.testng.internal.TestMethodWorker.run(TestMethodWorker.java:128)
at java.base/java.util.ArrayList.forEach(ArrayList.java:1597)
at org.testng.TestRunner.privateRun(TestRunner.java:794)
at org.testng.TestRunner.run(TestRunner.java:596)
at org.testng.SuiteRunner.runTest(SuiteRunner.java:377)
at org.testng.SuiteRunner.runSequentially(SuiteRunner.java:371)
at org.testng.SuiteRunner.privateRun(SuiteRunner.java:332)
at org.testng.SuiteRunner.run(SuiteRunner.java:276)
at org.testng.SuiteRunnerWorker.runSuite(SuiteRunnerWorker.java:53)
at org.testng.SuiteRunnerWorker.run(SuiteRunnerWorker.java:96)
at org.testng.TestNG.runSuitesSequentially(TestNG.java:1212)
at org.testng.TestNG.runSuitesLocally(TestNG.java:1134)
at org.testng.TestNG.runSuites(TestNG.java:1063)
at org.testng.TestNG.run(TestNG.java:1031)
at org.testng.remote.AbstractRemoteTestNG.run(AbstractRemoteTestNG.java:115)
at org.testng.remote.RemoteTestNG.initAndRun(RemoteTestNG.java:293)
at org.testng.remote.RemoteTestNG.main(RemoteTestNG.java:91)
]]>
    </error>
  </testcase> <!-- TestAddJob3 -->
  <system-out/>
  <testcase classname="MyTests.MyTestCasesForCom" name="ComRegister">
    <skipped/>
  </testcase> <!-- ComRegister -->
  <system-out/>
  <testcase classname="MyTests.MyTestCasesForCom" name="RandComLogin">
    <skipped/>
  </testcase> <!-- RandComLogin -->
  <system-out/>
  <testcase classname="MyTests.MyTestCasesForCom" name="TestAddJob2">
    <skipped/>
  </testcase> <!-- TestAddJob2 -->
  <system-out/>
  <testcase classname="MyTests.MyTestCasesForCom" name="TestComLogin">
    <skipped/>
  </testcase> <!-- TestComLogin -->
  <system-out/>
  <testcase classname="MyTests.MyTestCasesForCom" name="TestMultipleUnis">
    <skipped/>
  </testcase> <!-- TestMultipleUnis -->
  <system-out/>
  <testcase classname="MyTests.MyTestCasesForCom" name="TestDraftBtn4">
    <skipped/>
  </testcase> <!-- TestDraftBtn4 -->
  <system-out/>
  <testcase classname="MyTests.MyTestCasesForCom" name="TestAccept">
    <skipped/>
  </testcase> <!-- TestAccept -->
  <system-out/>
  <testcase classname="MyTests.MyTestCasesForCom" name="TestJobDetails">
    <skipped/>
  </testcase> <!-- TestJobDetails -->
  <system-out/>
  <testcase classname="MyTests.MyTestCasesForCom" name="TestGenderTotal">
    <skipped/>
  </testcase> <!-- TestGenderTotal -->
  <system-out/>
  <testcase classname="MyTests.MyTestCasesForCom" name="TestCancelJob">
    <skipped/>
  </testcase> <!-- TestCancelJob -->
  <system-out/>
  <testcase classname="MyTests.MyTestCasesForCom" name="TestAddInterview">
    <skipped/>
  </testcase> <!-- TestAddInterview -->
  <system-out/>
  <testcase classname="MyTests.MyTestCasesForCom" name="TestAddJob1">
    <skipped/>
  </testcase> <!-- TestAddJob1 -->
  <system-out/>
  <testcase classname="MyTests.MyTestCasesForCom" name="TestStartInterview">
    <skipped/>
  </testcase> <!-- TestStartInterview -->
  <system-out/>
  <testcase classname="MyTests.MyTestCasesForCom" name="TestSendFor">
    <skipped/>
  </testcase> <!-- TestSendFor -->
  <system-out/>
</testsuite> <!-- MyTests.MyTestCasesForCom -->
