<?xml version="1.0" encoding="UTF-8"?>
<!-- Generated by org.testng.reporters.JUnitReportReporter -->
<testsuite hostname="NeveenDevice" failures="0" tests="25" name="MyTests.MyTestCases" time="3.281" errors="0" timestamp="2024-12-11T15:06:04 GMT+03:00" skipped="24">
  <testcase classname="MyTests.MyTestCases" name="TestLogout" time="3.281"/>
  <system-out/>
  <testcase classname="MyTests.MyTestCases" name="TestValidAddMaterials">
    <skipped/>
  </testcase> <!-- TestValidAddMaterials -->
  <system-out/>
  <testcase classname="MyTests.MyTestCases" name="UniRegister">
    <skipped/>
  </testcase> <!-- UniRegister -->
  <system-out/>
  <testcase classname="MyTests.MyTestCases" name="TestInValedddMaterials">
    <skipped/>
  </testcase> <!-- TestInValedddMaterials -->
  <system-out/>
  <testcase classname="MyTests.MyTestCases" name="TestAddLevel">
    <skipped/>
  </testcase> <!-- TestAddLevel -->
  <system-out/>
  <testcase classname="MyTests.MyTestCases" name="AddCollage">
    <skipped/>
  </testcase> <!-- AddCollage -->
  <system-out/>
  <testcase classname="MyTests.MyTestCases" name="TestCancellationDeleteClassification">
    <skipped/>
  </testcase> <!-- TestCancellationDeleteClassification -->
  <system-out/>
  <testcase classname="MyTests.MyTestCases" name="TestEditMaterials">
    <skipped/>
  </testcase> <!-- TestEditMaterials -->
  <system-out/>
  <testcase classname="MyTests.MyTestCases" name="LogInAsSuperAdmin">
    <skipped/>
  </testcase> <!-- LogInAsSuperAdmin -->
  <system-out/>
  <testcase classname="MyTests.MyTestCases" name="AddClassifications">
    <skipped/>
  </testcase> <!-- AddClassifications -->
  <system-out/>
  <testcase classname="MyTests.MyTestCases" name="TestAddStudentWithMarks">
    <skipped/>
  </testcase> <!-- TestAddStudentWithMarks -->
  <system-out/>
  <testcase classname="MyTests.MyTestCases" name="TestDeleteStudent">
    <skipped/>
  </testcase> <!-- TestDeleteStudent -->
  <system-out/>
  <testcase classname="MyTests.MyTestCases" name="TestEditStudent">
    <skipped/>
  </testcase> <!-- TestEditStudent -->
  <system-out/>
  <testcase classname="MyTests.MyTestCases" name="TestDelCV">
    <skipped/>
  </testcase> <!-- TestDelCV -->
  <system-out/>
  <testcase classname="MyTests.MyTestCases" name="TestDownloadStusents">
    <skipped/>
  </testcase> <!-- TestDownloadStusents -->
  <system-out/>
  <testcase classname="MyTests.MyTestCases" name="TestStudentFilters">
    <skipped/>
  </testcase> <!-- TestStudentFilters -->
  <system-out/>
  <testcase classname="MyTests.MyTestCases" name="TestDeleteMaterials">
    <skipped/>
  </testcase> <!-- TestDeleteMaterials -->
  <system-out/>
  <testcase classname="MyTests.MyTestCases" name="ComRegister">
    <skipped/>
  </testcase> <!-- ComRegister -->
  <system-out/>
  <testcase classname="MyTests.MyTestCases" name="TestAddStudentWithoutMarks">
    <skipped/>
  </testcase> <!-- TestAddStudentWithoutMarks -->
  <system-out/>
  <testcase classname="MyTests.MyTestCases" name="TestDelclassification">
    <skipped/>
  </testcase> <!-- TestDelclassification -->
  <system-out/>
  <testcase classname="MyTests.MyTestCases" name="LogInAsUni">
    <skipped/>
  </testcase> <!-- LogInAsUni -->
  <system-out/>
  <testcase classname="MyTests.MyTestCases" name="TestAddCV">
    <skipped/>
  </testcase> <!-- TestAddCV -->
  <system-out/>
  <testcase classname="MyTests.MyTestCases" name="TestEditCollage">
    <skipped/>
  </testcase> <!-- TestEditCollage -->
  <system-out/>
  <testcase classname="MyTests.MyTestCases" name="TestDelCollage">
    <skipped/>
  </testcase> <!-- TestDelCollage -->
  <system-out/>
  <testcase classname="MyTests.MyTestCases" name="InstitutesReg2">
    <skipped/>
  </testcase> <!-- InstitutesReg2 -->
  <system-out/>
</testsuite> <!-- MyTests.MyTestCases -->
